<?xml version="1.0" encoding="UTF-8"?>
<!-- Generated by org.testng.reporters.JUnitReportReporter -->
<testsuite skipped="1" hostname="LAPTOP-UCKVVCIT" name="com.global.covid19.LinkTesting" tests="2" failures="0" timestamp="23 May 2020 12:29:14 GMT" time="1.985" errors="1">
  <testcase name="linktesting1" time="0.000" classname="com.global.covid19.LinkTesting">
    <skipped/>
  </testcase> <!-- linktesting1 -->
  <testcase name="setup" time="1.985" classname="com.global.covid19.LinkTesting">
    <error type="org.openqa.selenium.SessionNotCreatedException" message="session not created: This version of ChromeDriver only supports Chrome version 80
Build info: version: &#039;3.141.59&#039;, revision: &#039;e82be7d358&#039;, time: &#039;2018-11-14T08:17:03&#039;
System info: host: &#039;LAPTOP-UCKVVCIT&#039;, ip: &#039;192.168.0.105&#039;, os.name: &#039;Windows 10&#039;, os.arch: &#039;amd64&#039;, os.version: &#039;10.0&#039;, java.version: &#039;1.8.0_241&#039;
Driver info: driver.version: ChromeDriver
remote stacktrace: Backtrace:
	Ordinal0 [0x009A0C83+1707139]
	Ordinal0 [0x009068F1+1075441]
	Ordinal0 [0x0087DFC9+516041]
	Ordinal0 [0x00810554+66900]
	Ordinal0 [0x0080CCE2+52450]
	Ordinal0 [0x0082BFD7+180183]
	Ordinal0 [0x0082BDDD+179677]
	Ordinal0 [0x00829D4B+171339]
	Ordinal0 [0x00811D4A+73034]
	Ordinal0 [0x00812DC0+77248]
	Ordinal0 [0x00812D59+77145]
	Ordinal0 [0x0091BB67+1162087]
	GetHandleVerifier [0x00A3A966+508998]
	GetHandleVerifier [0x00A3A6A4+508292]
	GetHandleVerifier [0x00A4F7B7+594583]
	GetHandleVerifier [0x00A3B1D6+511158]
	Ordinal0 [0x0091402C+1130540]
	Ordinal0 [0x0091D4CB+1168587]
	Ordinal0 [0x0091D633+1168947]
	Ordinal0 [0x00935B35+1268533]
	BaseThreadInitThunk [0x76440419+25]
	RtlGetAppContainerNamedObjectPath [0x77C266DD+237]
	RtlGetAppContainerNamedObjectPath [0x77C266AD+189]
">
      <![CDATA[org.openqa.selenium.SessionNotCreatedException: session not created: This version of ChromeDriver only supports Chrome version 80
Build info: version: '3.141.59', revision: 'e82be7d358', time: '2018-11-14T08:17:03'
System info: host: 'LAPTOP-UCKVVCIT', ip: '192.168.0.105', os.name: 'Windows 10', os.arch: 'amd64', os.version: '10.0', java.version: '1.8.0_241'
Driver info: driver.version: ChromeDriver
remote stacktrace: Backtrace:
Ordinal0 [0x009A0C83+1707139]
Ordinal0 [0x009068F1+1075441]
Ordinal0 [0x0087DFC9+516041]
Ordinal0 [0x00810554+66900]
Ordinal0 [0x0080CCE2+52450]
Ordinal0 [0x0082BFD7+180183]
Ordinal0 [0x0082BDDD+179677]
Ordinal0 [0x00829D4B+171339]
Ordinal0 [0x00811D4A+73034]
Ordinal0 [0x00812DC0+77248]
Ordinal0 [0x00812D59+77145]
Ordinal0 [0x0091BB67+1162087]
GetHandleVerifier [0x00A3A966+508998]
GetHandleVerifier [0x00A3A6A4+508292]
GetHandleVerifier [0x00A4F7B7+594583]
GetHandleVerifier [0x00A3B1D6+511158]
Ordinal0 [0x0091402C+1130540]
Ordinal0 [0x0091D4CB+1168587]
Ordinal0 [0x0091D633+1168947]
Ordinal0 [0x00935B35+1268533]
BaseThreadInitThunk [0x76440419+25]
RtlGetAppContainerNamedObjectPath [0x77C266DD+237]
RtlGetAppContainerNamedObjectPath [0x77C266AD+189]

at sun.reflect.NativeConstructorAccessorImpl.newInstance0(Native Method)
at sun.reflect.NativeConstructorAccessorImpl.newInstance(Unknown Source)
at sun.reflect.DelegatingConstructorAccessorImpl.newInstance(Unknown Source)
at java.lang.reflect.Constructor.newInstance(Unknown Source)
at org.openqa.selenium.remote.W3CHandshakeResponse.lambda$errorHandler$0(W3CHandshakeResponse.java:62)
at org.openqa.selenium.remote.HandshakeResponse.lambda$getResponseFunction$0(HandshakeResponse.java:30)
at org.openqa.selenium.remote.ProtocolHandshake.lambda$createSession$0(ProtocolHandshake.java:126)
at java.util.stream.ReferencePipeline$3$1.accept(Unknown Source)
at java.util.Spliterators$ArraySpliterator.tryAdvance(Unknown Source)
at java.util.stream.ReferencePipeline.forEachWithCancel(Unknown Source)
at java.util.stream.AbstractPipeline.copyIntoWithCancel(Unknown Source)
at java.util.stream.AbstractPipeline.copyInto(Unknown Source)
at java.util.stream.AbstractPipeline.wrapAndCopyInto(Unknown Source)
at java.util.stream.FindOps$FindOp.evaluateSequential(Unknown Source)
at java.util.stream.AbstractPipeline.evaluate(Unknown Source)
at java.util.stream.ReferencePipeline.findFirst(Unknown Source)
at org.openqa.selenium.remote.ProtocolHandshake.createSession(ProtocolHandshake.java:128)
at org.openqa.selenium.remote.ProtocolHandshake.createSession(ProtocolHandshake.java:74)
at org.openqa.selenium.remote.HttpCommandExecutor.execute(HttpCommandExecutor.java:136)
at org.openqa.selenium.remote.service.DriverCommandExecutor.execute(DriverCommandExecutor.java:83)
at org.openqa.selenium.remote.RemoteWebDriver.execute(RemoteWebDriver.java:552)
at org.openqa.selenium.remote.RemoteWebDriver.startSession(RemoteWebDriver.java:213)
at org.openqa.selenium.remote.RemoteWebDriver.<init>(RemoteWebDriver.java:131)
at org.openqa.selenium.chrome.ChromeDriver.<init>(ChromeDriver.java:181)
at org.openqa.selenium.chrome.ChromeDriver.<init>(ChromeDriver.java:168)
at org.openqa.selenium.chrome.ChromeDriver.<init>(ChromeDriver.java:157)
at com.global.covid19.BaseTest.openBrowser(BaseTest.java:85)
at com.global.covid19.LinkTesting.setup(LinkTesting.java:25)
at sun.reflect.NativeMethodAccessorImpl.invoke0(Native Method)
at sun.reflect.NativeMethodAccessorImpl.invoke(Unknown Source)
at sun.reflect.DelegatingMethodAccessorImpl.invoke(Unknown Source)
at java.lang.reflect.Method.invoke(Unknown Source)
at org.testng.internal.MethodInvocationHelper.invokeMethod(MethodInvocationHelper.java:124)
at org.testng.internal.MethodInvocationHelper.invokeMethodConsideringTimeout(MethodInvocationHelper.java:59)
at org.testng.internal.Invoker.invokeConfigurationMethod(Invoker.java:458)
at org.testng.internal.Invoker.invokeConfigurations(Invoker.java:222)
at org.testng.internal.Invoker.invokeMethod(Invoker.java:523)
at org.testng.internal.Invoker.invokeTestMethod(Invoker.java:719)
at org.testng.internal.Invoker.invokeTestMethods(Invoker.java:989)
at org.testng.internal.TestMethodWorker.invokeTestMethods(TestMethodWorker.java:125)
at org.testng.internal.TestMethodWorker.run(TestMethodWorker.java:109)
at org.testng.TestRunner.privateRun(TestRunner.java:648)
at org.testng.TestRunner.run(TestRunner.java:505)
at org.testng.SuiteRunner.runTest(SuiteRunner.java:455)
at org.testng.SuiteRunner.runSequentially(SuiteRunner.java:450)
at org.testng.SuiteRunner.privateRun(SuiteRunner.java:415)
at org.testng.SuiteRunner.run(SuiteRunner.java:364)
at org.testng.SuiteRunnerWorker.runSuite(SuiteRunnerWorker.java:52)
at org.testng.SuiteRunnerWorker.run(SuiteRunnerWorker.java:84)
at org.testng.TestNG.runSuitesSequentially(TestNG.java:1208)
at org.testng.TestNG.runSuitesLocally(TestNG.java:1137)
at org.testng.TestNG.runSuites(TestNG.java:1049)
at org.testng.TestNG.run(TestNG.java:1017)
at org.testng.remote.AbstractRemoteTestNG.run(AbstractRemoteTestNG.java:115)
at org.testng.remote.RemoteTestNG.initAndRun(RemoteTestNG.java:251)
at org.testng.remote.RemoteTestNG.main(RemoteTestNG.java:77)
]]>
    </error>
  </testcase> <!-- setup -->
</testsuite> <!-- com.global.covid19.LinkTesting -->
